{"/Users/ceciliabernard/Desktop/Exercices Formations/Formation Openclassrooms/Projet 9/bill-app/Billed-app-FR-Front/src/constants/routes.js": {"path":"/Users/ceciliabernard/Desktop/Exercices Formations/Formation Openclassrooms/Projet 9/bill-app/Billed-app-FR-Front/src/constants/routes.js","statementMap":{"0":{"start":{"line":6,"column":27},"end":{"line":11,"column":1}},"1":{"start":{"line":13,"column":22},"end":{"line":26,"column":1}},"2":{"start":{"line":14,"column":2},"end":{"line":25,"column":3}},"3":{"start":{"line":16,"column":6},"end":{"line":16,"column":46}},"4":{"start":{"line":18,"column":6},"end":{"line":18,"column":46}},"5":{"start":{"line":20,"column":6},"end":{"line":20,"column":24}},"6":{"start":{"line":22,"column":6},"end":{"line":22,"column":50}},"7":{"start":{"line":24,"column":6},"end":{"line":24,"column":46}}},"fnMap":{"0":{"name":"(anonymous_0)","decl":{"start":{"line":13,"column":22},"end":{"line":13,"column":23}},"loc":{"start":{"line":13,"column":62},"end":{"line":26,"column":1}},"line":13}},"branchMap":{"0":{"loc":{"start":{"line":14,"column":2},"end":{"line":25,"column":3}},"type":"switch","locations":[{"start":{"line":15,"column":4},"end":{"line":16,"column":46}},{"start":{"line":17,"column":4},"end":{"line":18,"column":46}},{"start":{"line":19,"column":4},"end":{"line":20,"column":24}},{"start":{"line":21,"column":4},"end":{"line":22,"column":50}},{"start":{"line":23,"column":4},"end":{"line":24,"column":46}}],"line":14}},"s":{"0":6,"1":6,"2":61,"3":11,"4":18,"5":12,"6":12,"7":8},"f":{"0":61},"b":{"0":[11,18,12,12,8]},"_coverageSchema":"1a1c01bbd47fc00a2c39e90264f33305004495a9","hash":"e179cf14c6917fd9de517b5d8f6310942e6b5a00"}
,"/Users/ceciliabernard/Desktop/Exercices Formations/Formation Openclassrooms/Projet 9/bill-app/Billed-app-FR-Front/src/constants/usersTest.js": {"path":"/Users/ceciliabernard/Desktop/Exercices Formations/Formation Openclassrooms/Projet 9/bill-app/Billed-app-FR-Front/src/constants/usersTest.js","statementMap":{},"fnMap":{},"branchMap":{},"s":{},"f":{},"b":{},"_coverageSchema":"1a1c01bbd47fc00a2c39e90264f33305004495a9","hash":"276a3b014bf50fde673ac8e0499ae68198221ad3"}
,"/Users/ceciliabernard/Desktop/Exercices Formations/Formation Openclassrooms/Projet 9/bill-app/Billed-app-FR-Front/src/containers/Bills.js": {"path":"/Users/ceciliabernard/Desktop/Exercices Formations/Formation Openclassrooms/Projet 9/bill-app/Billed-app-FR-Front/src/containers/Bills.js","statementMap":{"0":{"start":{"line":7,"column":4},"end":{"line":7,"column":28}},"1":{"start":{"line":8,"column":4},"end":{"line":8,"column":32}},"2":{"start":{"line":9,"column":4},"end":{"line":9,"column":22}},"3":{"start":{"line":10,"column":26},"end":{"line":12,"column":5}},"4":{"start":{"line":13,"column":4},"end":{"line":14,"column":70}},"5":{"start":{"line":14,"column":6},"end":{"line":14,"column":70}},"6":{"start":{"line":15,"column":20},"end":{"line":15,"column":76}},"7":{"start":{"line":16,"column":4},"end":{"line":23,"column":8}},"8":{"start":{"line":17,"column":6},"end":{"line":23,"column":8}},"9":{"start":{"line":18,"column":8},"end":{"line":21,"column":10}},"10":{"start":{"line":19,"column":10},"end":{"line":19,"column":39}},"11":{"start":{"line":22,"column":8},"end":{"line":22,"column":58}},"12":{"start":{"line":25,"column":23},"end":{"line":27,"column":3}},"13":{"start":{"line":26,"column":4},"end":{"line":26,"column":43}},"14":{"start":{"line":29,"column":23},"end":{"line":38,"column":3}},"15":{"start":{"line":30,"column":20},"end":{"line":30,"column":54}},"16":{"start":{"line":31,"column":21},"end":{"line":31,"column":63}},"17":{"start":{"line":32,"column":4},"end":{"line":36,"column":7}},"18":{"start":{"line":37,"column":4},"end":{"line":37,"column":34}},"19":{"start":{"line":40,"column":13},"end":{"line":71,"column":3}},"20":{"start":{"line":41,"column":4},"end":{"line":70,"column":5}},"21":{"start":{"line":42,"column":6},"end":{"line":69,"column":10}},"22":{"start":{"line":46,"column":24},"end":{"line":66,"column":14}},"23":{"start":{"line":48,"column":28},"end":{"line":48,"column":63}},"24":{"start":{"line":50,"column":14},"end":{"line":65,"column":15}},"25":{"start":{"line":51,"column":16},"end":{"line":55,"column":17}},"26":{"start":{"line":59,"column":16},"end":{"line":59,"column":42}},"27":{"start":{"line":60,"column":16},"end":{"line":64,"column":17}},"28":{"start":{"line":68,"column":10},"end":{"line":68,"column":22}}},"fnMap":{"0":{"name":"(anonymous_0)","decl":{"start":{"line":6,"column":2},"end":{"line":6,"column":3}},"loc":{"start":{"line":6,"column":61},"end":{"line":24,"column":3}},"line":6},"1":{"name":"(anonymous_1)","decl":{"start":{"line":17,"column":22},"end":{"line":17,"column":23}},"loc":{"start":{"line":17,"column":32},"end":{"line":23,"column":7}},"line":17},"2":{"name":"(anonymous_2)","decl":{"start":{"line":18,"column":39},"end":{"line":18,"column":40}},"loc":{"start":{"line":18,"column":45},"end":{"line":21,"column":9}},"line":18},"3":{"name":"(anonymous_3)","decl":{"start":{"line":25,"column":23},"end":{"line":25,"column":24}},"loc":{"start":{"line":25,"column":29},"end":{"line":27,"column":3}},"line":25},"4":{"name":"(anonymous_4)","decl":{"start":{"line":29,"column":23},"end":{"line":29,"column":24}},"loc":{"start":{"line":29,"column":33},"end":{"line":38,"column":3}},"line":29},"5":{"name":"(anonymous_5)","decl":{"start":{"line":40,"column":13},"end":{"line":40,"column":14}},"loc":{"start":{"line":40,"column":19},"end":{"line":71,"column":3}},"line":40},"6":{"name":"(anonymous_6)","decl":{"start":{"line":45,"column":14},"end":{"line":45,"column":15}},"loc":{"start":{"line":45,"column":28},"end":{"line":69,"column":9}},"line":45},"7":{"name":"(anonymous_7)","decl":{"start":{"line":48,"column":18},"end":{"line":48,"column":19}},"loc":{"start":{"line":48,"column":28},"end":{"line":48,"column":63}},"line":48},"8":{"name":"(anonymous_8)","decl":{"start":{"line":49,"column":17},"end":{"line":49,"column":18}},"loc":{"start":{"line":49,"column":26},"end":{"line":66,"column":13}},"line":49}},"branchMap":{"0":{"loc":{"start":{"line":13,"column":4},"end":{"line":14,"column":70}},"type":"if","locations":[{"start":{"line":13,"column":4},"end":{"line":14,"column":70}},{"start":{},"end":{}}],"line":13},"1":{"loc":{"start":{"line":16,"column":4},"end":{"line":23,"column":8}},"type":"if","locations":[{"start":{"line":16,"column":4},"end":{"line":23,"column":8}},{"start":{},"end":{}}],"line":16},"2":{"loc":{"start":{"line":41,"column":4},"end":{"line":70,"column":5}},"type":"if","locations":[{"start":{"line":41,"column":4},"end":{"line":70,"column":5}},{"start":{},"end":{}}],"line":41}},"s":{"0":13,"1":13,"2":13,"3":13,"4":13,"5":6,"6":13,"7":13,"8":13,"9":24,"10":1,"11":24,"12":13,"13":2,"14":13,"15":2,"16":2,"17":2,"18":2,"19":13,"20":7,"21":7,"22":5,"23":30,"24":20,"25":20,"26":0,"27":0,"28":5},"f":{"0":13,"1":24,"2":1,"3":2,"4":2,"5":7,"6":5,"7":30,"8":20},"b":{"0":[6,7],"1":[13,0],"2":[7,0]},"_coverageSchema":"1a1c01bbd47fc00a2c39e90264f33305004495a9","hash":"2e939d043322ea42946ed157d6637252985c11ca"}
,"/Users/ceciliabernard/Desktop/Exercices Formations/Formation Openclassrooms/Projet 9/bill-app/Billed-app-FR-Front/src/containers/Dashboard.js": {"path":"/Users/ceciliabernard/Desktop/Exercices Formations/Formation Openclassrooms/Projet 9/bill-app/Billed-app-FR-Front/src/containers/Dashboard.js","statementMap":{"0":{"start":{"line":8,"column":29},"end":{"line":28,"column":1}},"1":{"start":{"line":9,"column":2},"end":{"line":27,"column":8}},"2":{"start":{"line":14,"column":8},"end":{"line":23,"column":9}},"3":{"start":{"line":15,"column":10},"end":{"line":15,"column":50}},"4":{"start":{"line":20,"column":10},"end":{"line":22,"column":60}},"5":{"start":{"line":25,"column":8},"end":{"line":25,"column":30}},"6":{"start":{"line":30,"column":20},"end":{"line":57,"column":1}},"7":{"start":{"line":31,"column":28},"end":{"line":31,"column":52}},"8":{"start":{"line":32,"column":20},"end":{"line":34,"column":8}},"9":{"start":{"line":35,"column":19},"end":{"line":37,"column":23}},"10":{"start":{"line":39,"column":2},"end":{"line":56,"column":3}},"11":{"start":{"line":59,"column":21},"end":{"line":61,"column":1}},"12":{"start":{"line":60,"column":2},"end":{"line":60,"column":78}},"13":{"start":{"line":60,"column":53},"end":{"line":60,"column":63}},"14":{"start":{"line":63,"column":25},"end":{"line":72,"column":1}},"15":{"start":{"line":64,"column":2},"end":{"line":71,"column":3}},"16":{"start":{"line":66,"column":6},"end":{"line":66,"column":22}},"17":{"start":{"line":68,"column":6},"end":{"line":68,"column":23}},"18":{"start":{"line":70,"column":6},"end":{"line":70,"column":22}},"19":{"start":{"line":76,"column":4},"end":{"line":76,"column":28}},"20":{"start":{"line":77,"column":4},"end":{"line":77,"column":32}},"21":{"start":{"line":78,"column":4},"end":{"line":78,"column":22}},"22":{"start":{"line":79,"column":4},"end":{"line":79,"column":71}},"23":{"start":{"line":79,"column":35},"end":{"line":79,"column":70}},"24":{"start":{"line":80,"column":4},"end":{"line":80,"column":71}},"25":{"start":{"line":80,"column":35},"end":{"line":80,"column":70}},"26":{"start":{"line":81,"column":4},"end":{"line":81,"column":71}},"27":{"start":{"line":81,"column":35},"end":{"line":81,"column":70}},"28":{"start":{"line":82,"column":4},"end":{"line":82,"column":44}},"29":{"start":{"line":85,"column":23},"end":{"line":95,"column":3}},"30":{"start":{"line":86,"column":20},"end":{"line":86,"column":58}},"31":{"start":{"line":87,"column":21},"end":{"line":87,"column":69}},"32":{"start":{"line":88,"column":4},"end":{"line":92,"column":7}},"33":{"start":{"line":93,"column":4},"end":{"line":94,"column":42}},"34":{"start":{"line":94,"column":6},"end":{"line":94,"column":42}},"35":{"start":{"line":98,"column":4},"end":{"line":98,"column":75}},"36":{"start":{"line":98,"column":59},"end":{"line":98,"column":75}},"37":{"start":{"line":99,"column":4},"end":{"line":99,"column":71}},"38":{"start":{"line":99,"column":54},"end":{"line":99,"column":71}},"39":{"start":{"line":100,"column":4},"end":{"line":116,"column":5}},"40":{"start":{"line":101,"column":6},"end":{"line":103,"column":8}},"41":{"start":{"line":102,"column":8},"end":{"line":102,"column":61}},"42":{"start":{"line":104,"column":6},"end":{"line":104,"column":62}},"43":{"start":{"line":105,"column":6},"end":{"line":105,"column":69}},"44":{"start":{"line":106,"column":6},"end":{"line":106,"column":52}},"45":{"start":{"line":107,"column":6},"end":{"line":107,"column":20}},"46":{"start":{"line":109,"column":6},"end":{"line":109,"column":62}},"47":{"start":{"line":111,"column":6},"end":{"line":113,"column":8}},"48":{"start":{"line":114,"column":6},"end":{"line":114,"column":52}},"49":{"start":{"line":115,"column":6},"end":{"line":115,"column":20}},"50":{"start":{"line":117,"column":4},"end":{"line":117,"column":57}},"51":{"start":{"line":118,"column":4},"end":{"line":118,"column":78}},"52":{"start":{"line":118,"column":45},"end":{"line":118,"column":77}},"53":{"start":{"line":119,"column":4},"end":{"line":119,"column":78}},"54":{"start":{"line":119,"column":45},"end":{"line":119,"column":77}},"55":{"start":{"line":122,"column":23},"end":{"line":130,"column":3}},"56":{"start":{"line":123,"column":20},"end":{"line":127,"column":5}},"57":{"start":{"line":128,"column":4},"end":{"line":128,"column":28}},"58":{"start":{"line":129,"column":4},"end":{"line":129,"column":45}},"59":{"start":{"line":132,"column":23},"end":{"line":140,"column":3}},"60":{"start":{"line":133,"column":20},"end":{"line":137,"column":5}},"61":{"start":{"line":138,"column":4},"end":{"line":138,"column":28}},"62":{"start":{"line":139,"column":4},"end":{"line":139,"column":45}},"63":{"start":{"line":143,"column":4},"end":{"line":143,"column":76}},"64":{"start":{"line":143,"column":60},"end":{"line":143,"column":76}},"65":{"start":{"line":144,"column":4},"end":{"line":144,"column":76}},"66":{"start":{"line":144,"column":58},"end":{"line":144,"column":76}},"67":{"start":{"line":145,"column":4},"end":{"line":155,"column":5}},"68":{"start":{"line":146,"column":6},"end":{"line":146,"column":70}},"69":{"start":{"line":147,"column":6},"end":{"line":149,"column":7}},"70":{"start":{"line":150,"column":6},"end":{"line":150,"column":20}},"71":{"start":{"line":152,"column":6},"end":{"line":152,"column":71}},"72":{"start":{"line":153,"column":6},"end":{"line":153,"column":56}},"73":{"start":{"line":154,"column":6},"end":{"line":154,"column":20}},"74":{"start":{"line":157,"column":4},"end":{"line":161,"column":6}},"75":{"start":{"line":158,"column":6},"end":{"line":160,"column":66}},"76":{"start":{"line":160,"column":28},"end":{"line":160,"column":65}},"77":{"start":{"line":163,"column":4},"end":{"line":163,"column":16}},"78":{"start":{"line":166,"column":21},"end":{"line":184,"column":3}},"79":{"start":{"line":167,"column":4},"end":{"line":183,"column":5}},"80":{"start":{"line":168,"column":6},"end":{"line":182,"column":10}},"81":{"start":{"line":172,"column":24},"end":{"line":177,"column":13}},"82":{"start":{"line":172,"column":47},"end":{"line":177,"column":11}},"83":{"start":{"line":178,"column":10},"end":{"line":178,"column":22}},"84":{"start":{"line":181,"column":10},"end":{"line":181,"column":21}}},"fnMap":{"0":{"name":"(anonymous_0)","decl":{"start":{"line":8,"column":29},"end":{"line":8,"column":30}},"loc":{"start":{"line":8,"column":47},"end":{"line":28,"column":1}},"line":8},"1":{"name":"(anonymous_1)","decl":{"start":{"line":10,"column":18},"end":{"line":10,"column":19}},"loc":{"start":{"line":10,"column":28},"end":{"line":26,"column":7}},"line":10},"2":{"name":"(anonymous_2)","decl":{"start":{"line":30,"column":20},"end":{"line":30,"column":21}},"loc":{"start":{"line":30,"column":30},"end":{"line":57,"column":1}},"line":30},"3":{"name":"(anonymous_3)","decl":{"start":{"line":59,"column":21},"end":{"line":59,"column":22}},"loc":{"start":{"line":59,"column":32},"end":{"line":61,"column":1}},"line":59},"4":{"name":"(anonymous_4)","decl":{"start":{"line":60,"column":43},"end":{"line":60,"column":44}},"loc":{"start":{"line":60,"column":53},"end":{"line":60,"column":63}},"line":60},"5":{"name":"(anonymous_5)","decl":{"start":{"line":63,"column":25},"end":{"line":63,"column":26}},"loc":{"start":{"line":63,"column":36},"end":{"line":72,"column":1}},"line":63},"6":{"name":"(anonymous_6)","decl":{"start":{"line":75,"column":2},"end":{"line":75,"column":3}},"loc":{"start":{"line":75,"column":68},"end":{"line":83,"column":3}},"line":75},"7":{"name":"(anonymous_7)","decl":{"start":{"line":79,"column":28},"end":{"line":79,"column":29}},"loc":{"start":{"line":79,"column":35},"end":{"line":79,"column":70}},"line":79},"8":{"name":"(anonymous_8)","decl":{"start":{"line":80,"column":28},"end":{"line":80,"column":29}},"loc":{"start":{"line":80,"column":35},"end":{"line":80,"column":70}},"line":80},"9":{"name":"(anonymous_9)","decl":{"start":{"line":81,"column":28},"end":{"line":81,"column":29}},"loc":{"start":{"line":81,"column":35},"end":{"line":81,"column":70}},"line":81},"10":{"name":"(anonymous_10)","decl":{"start":{"line":85,"column":23},"end":{"line":85,"column":24}},"loc":{"start":{"line":85,"column":29},"end":{"line":95,"column":3}},"line":85},"11":{"name":"(anonymous_11)","decl":{"start":{"line":97,"column":2},"end":{"line":97,"column":3}},"loc":{"start":{"line":97,"column":35},"end":{"line":120,"column":3}},"line":97},"12":{"name":"(anonymous_12)","decl":{"start":{"line":101,"column":20},"end":{"line":101,"column":21}},"loc":{"start":{"line":101,"column":27},"end":{"line":103,"column":7}},"line":101},"13":{"name":"(anonymous_13)","decl":{"start":{"line":118,"column":38},"end":{"line":118,"column":39}},"loc":{"start":{"line":118,"column":45},"end":{"line":118,"column":77}},"line":118},"14":{"name":"(anonymous_14)","decl":{"start":{"line":119,"column":38},"end":{"line":119,"column":39}},"loc":{"start":{"line":119,"column":45},"end":{"line":119,"column":77}},"line":119},"15":{"name":"(anonymous_15)","decl":{"start":{"line":122,"column":23},"end":{"line":122,"column":24}},"loc":{"start":{"line":122,"column":36},"end":{"line":130,"column":3}},"line":122},"16":{"name":"(anonymous_16)","decl":{"start":{"line":132,"column":23},"end":{"line":132,"column":24}},"loc":{"start":{"line":132,"column":36},"end":{"line":140,"column":3}},"line":132},"17":{"name":"(anonymous_17)","decl":{"start":{"line":142,"column":2},"end":{"line":142,"column":3}},"loc":{"start":{"line":142,"column":37},"end":{"line":164,"column":3}},"line":142},"18":{"name":"(anonymous_18)","decl":{"start":{"line":157,"column":18},"end":{"line":157,"column":19}},"loc":{"start":{"line":157,"column":28},"end":{"line":161,"column":5}},"line":157},"19":{"name":"(anonymous_19)","decl":{"start":{"line":160,"column":21},"end":{"line":160,"column":22}},"loc":{"start":{"line":160,"column":28},"end":{"line":160,"column":65}},"line":160},"20":{"name":"(anonymous_20)","decl":{"start":{"line":166,"column":21},"end":{"line":166,"column":22}},"loc":{"start":{"line":166,"column":27},"end":{"line":184,"column":3}},"line":166},"21":{"name":"(anonymous_21)","decl":{"start":{"line":171,"column":14},"end":{"line":171,"column":15}},"loc":{"start":{"line":171,"column":28},"end":{"line":179,"column":9}},"line":171},"22":{"name":"(anonymous_22)","decl":{"start":{"line":172,"column":37},"end":{"line":172,"column":38}},"loc":{"start":{"line":172,"column":47},"end":{"line":177,"column":11}},"line":172},"23":{"name":"(anonymous_23)","decl":{"start":{"line":180,"column":15},"end":{"line":180,"column":16}},"loc":{"start":{"line":180,"column":26},"end":{"line":182,"column":9}},"line":180}},"branchMap":{"0":{"loc":{"start":{"line":9,"column":9},"end":{"line":27,"column":8}},"type":"cond-expr","locations":[{"start":{"line":10,"column":6},"end":{"line":26,"column":8}},{"start":{"line":27,"column":6},"end":{"line":27,"column":8}}],"line":9},"1":{"loc":{"start":{"line":9,"column":9},"end":{"line":9,"column":28}},"type":"binary-expr","locations":[{"start":{"line":9,"column":9},"end":{"line":9,"column":13}},{"start":{"line":9,"column":17},"end":{"line":9,"column":28}}],"line":9},"2":{"loc":{"start":{"line":14,"column":8},"end":{"line":23,"column":9}},"type":"if","locations":[{"start":{"line":14,"column":8},"end":{"line":23,"column":9}},{"start":{"line":16,"column":15},"end":{"line":23,"column":9}}],"line":14},"3":{"loc":{"start":{"line":21,"column":12},"end":{"line":22,"column":60}},"type":"binary-expr","locations":[{"start":{"line":21,"column":12},"end":{"line":21,"column":34}},{"start":{"line":22,"column":12},"end":{"line":22,"column":60}}],"line":21},"4":{"loc":{"start":{"line":32,"column":20},"end":{"line":34,"column":8}},"type":"cond-expr","locations":[{"start":{"line":33,"column":6},"end":{"line":33,"column":37}},{"start":{"line":34,"column":6},"end":{"line":34,"column":8}}],"line":32},"5":{"loc":{"start":{"line":35,"column":19},"end":{"line":37,"column":23}},"type":"cond-expr","locations":[{"start":{"line":36,"column":6},"end":{"line":36,"column":37}},{"start":{"line":37,"column":6},"end":{"line":37,"column":23}}],"line":35},"6":{"loc":{"start":{"line":60,"column":9},"end":{"line":60,"column":78}},"type":"cond-expr","locations":[{"start":{"line":60,"column":33},"end":{"line":60,"column":73}},{"start":{"line":60,"column":76},"end":{"line":60,"column":78}}],"line":60},"7":{"loc":{"start":{"line":60,"column":9},"end":{"line":60,"column":30}},"type":"binary-expr","locations":[{"start":{"line":60,"column":9},"end":{"line":60,"column":14}},{"start":{"line":60,"column":18},"end":{"line":60,"column":30}}],"line":60},"8":{"loc":{"start":{"line":64,"column":2},"end":{"line":71,"column":3}},"type":"switch","locations":[{"start":{"line":65,"column":4},"end":{"line":66,"column":22}},{"start":{"line":67,"column":4},"end":{"line":68,"column":23}},{"start":{"line":69,"column":4},"end":{"line":70,"column":22}}],"line":64},"9":{"loc":{"start":{"line":93,"column":4},"end":{"line":94,"column":42}},"type":"if","locations":[{"start":{"line":93,"column":4},"end":{"line":94,"column":42}},{"start":{},"end":{}}],"line":93},"10":{"loc":{"start":{"line":98,"column":4},"end":{"line":98,"column":75}},"type":"if","locations":[{"start":{"line":98,"column":4},"end":{"line":98,"column":75}},{"start":{},"end":{}}],"line":98},"11":{"loc":{"start":{"line":98,"column":8},"end":{"line":98,"column":57}},"type":"binary-expr","locations":[{"start":{"line":98,"column":8},"end":{"line":98,"column":34}},{"start":{"line":98,"column":38},"end":{"line":98,"column":57}}],"line":98},"12":{"loc":{"start":{"line":99,"column":4},"end":{"line":99,"column":71}},"type":"if","locations":[{"start":{"line":99,"column":4},"end":{"line":99,"column":71}},{"start":{},"end":{}}],"line":99},"13":{"loc":{"start":{"line":99,"column":8},"end":{"line":99,"column":52}},"type":"binary-expr","locations":[{"start":{"line":99,"column":8},"end":{"line":99,"column":29}},{"start":{"line":99,"column":33},"end":{"line":99,"column":52}}],"line":99},"14":{"loc":{"start":{"line":100,"column":4},"end":{"line":116,"column":5}},"type":"if","locations":[{"start":{"line":100,"column":4},"end":{"line":116,"column":5}},{"start":{"line":108,"column":11},"end":{"line":116,"column":5}}],"line":100},"15":{"loc":{"start":{"line":143,"column":4},"end":{"line":143,"column":76}},"type":"if","locations":[{"start":{"line":143,"column":4},"end":{"line":143,"column":76}},{"start":{},"end":{}}],"line":143},"16":{"loc":{"start":{"line":143,"column":8},"end":{"line":143,"column":58}},"type":"binary-expr","locations":[{"start":{"line":143,"column":8},"end":{"line":143,"column":34}},{"start":{"line":143,"column":38},"end":{"line":143,"column":58}}],"line":143},"17":{"loc":{"start":{"line":144,"column":4},"end":{"line":144,"column":76}},"type":"if","locations":[{"start":{"line":144,"column":4},"end":{"line":144,"column":76}},{"start":{},"end":{}}],"line":144},"18":{"loc":{"start":{"line":144,"column":8},"end":{"line":144,"column":56}},"type":"binary-expr","locations":[{"start":{"line":144,"column":8},"end":{"line":144,"column":32}},{"start":{"line":144,"column":36},"end":{"line":144,"column":56}}],"line":144},"19":{"loc":{"start":{"line":145,"column":4},"end":{"line":155,"column":5}},"type":"if","locations":[{"start":{"line":145,"column":4},"end":{"line":155,"column":5}},{"start":{"line":151,"column":11},"end":{"line":155,"column":5}}],"line":145},"20":{"loc":{"start":{"line":167,"column":4},"end":{"line":183,"column":5}},"type":"if","locations":[{"start":{"line":167,"column":4},"end":{"line":183,"column":5}},{"start":{},"end":{}}],"line":167}},"s":{"0":6,"1":44,"2":104,"3":104,"4":0,"5":104,"6":6,"7":6,"8":6,"9":6,"10":6,"11":6,"12":6,"13":6,"14":6,"15":5,"16":3,"17":1,"18":1,"19":14,"20":14,"21":14,"22":14,"23":0,"24":14,"25":0,"26":14,"27":0,"28":14,"29":14,"30":1,"31":1,"32":1,"33":1,"34":0,"35":3,"36":2,"37":3,"38":2,"39":3,"40":2,"41":8,"42":2,"43":2,"44":2,"45":2,"46":1,"47":1,"48":1,"49":1,"50":3,"51":3,"52":0,"53":3,"54":0,"55":14,"56":1,"57":1,"58":1,"59":14,"60":1,"61":1,"62":1,"63":5,"64":5,"65":5,"66":5,"67":5,"68":5,"69":5,"70":5,"71":0,"72":0,"73":0,"74":5,"75":20,"76":3,"77":5,"78":14,"79":5,"80":5,"81":3,"82":12,"83":3,"84":2},"f":{"0":44,"1":104,"2":6,"3":6,"4":6,"5":5,"6":14,"7":0,"8":0,"9":0,"10":1,"11":3,"12":8,"13":0,"14":0,"15":1,"16":1,"17":5,"18":20,"19":3,"20":5,"21":3,"22":12,"23":2},"b":{"0":[26,18],"1":[44,26],"2":[104,0],"3":[0,0],"4":[0,6],"5":[0,6],"6":[5,1],"7":[6,6],"8":[3,1,1],"9":[0,1],"10":[2,1],"11":[3,3],"12":[2,1],"13":[3,1],"14":[2,1],"15":[5,0],"16":[5,2],"17":[5,0],"18":[5,2],"19":[5,0],"20":[5,0]},"_coverageSchema":"1a1c01bbd47fc00a2c39e90264f33305004495a9","hash":"71885a59671acc6d23d0ef333aa97ad88f1b82e8"}
,"/Users/ceciliabernard/Desktop/Exercices Formations/Formation Openclassrooms/Projet 9/bill-app/Billed-app-FR-Front/src/containers/Login.js": {"path":"/Users/ceciliabernard/Desktop/Exercices Formations/Formation Openclassrooms/Projet 9/bill-app/Billed-app-FR-Front/src/containers/Login.js","statementMap":{"0":{"start":{"line":2,"column":31},"end":{"line":2,"column":33}},"1":{"start":{"line":13,"column":4},"end":{"line":13,"column":28}},"2":{"start":{"line":14,"column":4},"end":{"line":14,"column":36}},"3":{"start":{"line":15,"column":4},"end":{"line":15,"column":32}},"4":{"start":{"line":16,"column":4},"end":{"line":16,"column":46}},"5":{"start":{"line":17,"column":4},"end":{"line":17,"column":22}},"6":{"start":{"line":18,"column":25},"end":{"line":20,"column":5}},"7":{"start":{"line":21,"column":4},"end":{"line":21,"column":70}},"8":{"start":{"line":22,"column":22},"end":{"line":24,"column":5}},"9":{"start":{"line":25,"column":4},"end":{"line":25,"column":64}},"10":{"start":{"line":27,"column":25},"end":{"line":47,"column":3}},"11":{"start":{"line":28,"column":4},"end":{"line":28,"column":22}},"12":{"start":{"line":29,"column":17},"end":{"line":37,"column":5}},"13":{"start":{"line":38,"column":4},"end":{"line":38,"column":59}},"14":{"start":{"line":39,"column":4},"end":{"line":46,"column":8}},"15":{"start":{"line":40,"column":22},"end":{"line":40,"column":43}},"16":{"start":{"line":42,"column":8},"end":{"line":42,"column":45}},"17":{"start":{"line":43,"column":8},"end":{"line":43,"column":53}},"18":{"start":{"line":44,"column":8},"end":{"line":44,"column":50}},"19":{"start":{"line":45,"column":8},"end":{"line":45,"column":57}},"20":{"start":{"line":49,"column":22},"end":{"line":69,"column":3}},"21":{"start":{"line":50,"column":4},"end":{"line":50,"column":22}},"22":{"start":{"line":51,"column":17},"end":{"line":59,"column":5}},"23":{"start":{"line":60,"column":4},"end":{"line":60,"column":59}},"24":{"start":{"line":61,"column":4},"end":{"line":68,"column":8}},"25":{"start":{"line":62,"column":22},"end":{"line":62,"column":43}},"26":{"start":{"line":64,"column":8},"end":{"line":64,"column":49}},"27":{"start":{"line":65,"column":8},"end":{"line":65,"column":57}},"28":{"start":{"line":66,"column":8},"end":{"line":66,"column":50}},"29":{"start":{"line":67,"column":8},"end":{"line":67,"column":52}},"30":{"start":{"line":72,"column":10},"end":{"line":87,"column":3}},"31":{"start":{"line":73,"column":4},"end":{"line":86,"column":5}},"32":{"start":{"line":74,"column":6},"end":{"line":83,"column":10}},"33":{"start":{"line":82,"column":10},"end":{"line":82,"column":42}},"34":{"start":{"line":85,"column":6},"end":{"line":85,"column":17}},"35":{"start":{"line":90,"column":15},"end":{"line":109,"column":3}},"36":{"start":{"line":91,"column":4},"end":{"line":108,"column":5}},"37":{"start":{"line":92,"column":6},"end":{"line":105,"column":10}},"38":{"start":{"line":103,"column":10},"end":{"line":103,"column":59}},"39":{"start":{"line":104,"column":10},"end":{"line":104,"column":33}},"40":{"start":{"line":107,"column":6},"end":{"line":107,"column":17}}},"fnMap":{"0":{"name":"(anonymous_0)","decl":{"start":{"line":6,"column":2},"end":{"line":6,"column":3}},"loc":{"start":{"line":12,"column":5},"end":{"line":26,"column":3}},"line":12},"1":{"name":"(anonymous_1)","decl":{"start":{"line":27,"column":25},"end":{"line":27,"column":26}},"loc":{"start":{"line":27,"column":32},"end":{"line":47,"column":3}},"line":27},"2":{"name":"(anonymous_2)","decl":{"start":{"line":40,"column":13},"end":{"line":40,"column":14}},"loc":{"start":{"line":40,"column":22},"end":{"line":40,"column":43}},"line":40},"3":{"name":"(anonymous_3)","decl":{"start":{"line":41,"column":12},"end":{"line":41,"column":13}},"loc":{"start":{"line":41,"column":18},"end":{"line":46,"column":7}},"line":41},"4":{"name":"(anonymous_4)","decl":{"start":{"line":49,"column":22},"end":{"line":49,"column":23}},"loc":{"start":{"line":49,"column":29},"end":{"line":69,"column":3}},"line":49},"5":{"name":"(anonymous_5)","decl":{"start":{"line":62,"column":13},"end":{"line":62,"column":14}},"loc":{"start":{"line":62,"column":22},"end":{"line":62,"column":43}},"line":62},"6":{"name":"(anonymous_6)","decl":{"start":{"line":63,"column":12},"end":{"line":63,"column":13}},"loc":{"start":{"line":63,"column":18},"end":{"line":68,"column":7}},"line":63},"7":{"name":"(anonymous_7)","decl":{"start":{"line":72,"column":10},"end":{"line":72,"column":11}},"loc":{"start":{"line":72,"column":20},"end":{"line":87,"column":3}},"line":72},"8":{"name":"(anonymous_8)","decl":{"start":{"line":81,"column":14},"end":{"line":81,"column":15}},"loc":{"start":{"line":81,"column":27},"end":{"line":83,"column":9}},"line":81},"9":{"name":"(anonymous_9)","decl":{"start":{"line":90,"column":15},"end":{"line":90,"column":16}},"loc":{"start":{"line":90,"column":25},"end":{"line":109,"column":3}},"line":90},"10":{"name":"(anonymous_10)","decl":{"start":{"line":102,"column":14},"end":{"line":102,"column":15}},"loc":{"start":{"line":102,"column":20},"end":{"line":105,"column":9}},"line":102}},"branchMap":{"0":{"loc":{"start":{"line":73,"column":4},"end":{"line":86,"column":5}},"type":"if","locations":[{"start":{"line":73,"column":4},"end":{"line":86,"column":5}},{"start":{"line":84,"column":11},"end":{"line":86,"column":5}}],"line":73},"1":{"loc":{"start":{"line":91,"column":4},"end":{"line":108,"column":5}},"type":"if","locations":[{"start":{"line":91,"column":4},"end":{"line":108,"column":5}},{"start":{"line":106,"column":11},"end":{"line":108,"column":5}}],"line":91}},"s":{"0":4,"1":4,"2":4,"3":4,"4":4,"5":4,"6":4,"7":4,"8":4,"9":4,"10":4,"11":2,"12":2,"13":2,"14":2,"15":0,"16":2,"17":2,"18":2,"19":2,"20":4,"21":2,"22":2,"23":2,"24":2,"25":0,"26":2,"27":2,"28":2,"29":2,"30":4,"31":0,"32":0,"33":0,"34":0,"35":4,"36":0,"37":0,"38":0,"39":0,"40":0},"f":{"0":4,"1":2,"2":0,"3":2,"4":2,"5":0,"6":2,"7":0,"8":0,"9":0,"10":0},"b":{"0":[0,0],"1":[0,0]},"_coverageSchema":"1a1c01bbd47fc00a2c39e90264f33305004495a9","hash":"813b49105a518f7ff06f31ad2e60e06e977cf801"}
,"/Users/ceciliabernard/Desktop/Exercices Formations/Formation Openclassrooms/Projet 9/bill-app/Billed-app-FR-Front/src/containers/Logout.js": {"path":"/Users/ceciliabernard/Desktop/Exercices Formations/Formation Openclassrooms/Projet 9/bill-app/Billed-app-FR-Front/src/containers/Logout.js","statementMap":{"0":{"start":{"line":5,"column":4},"end":{"line":5,"column":28}},"1":{"start":{"line":6,"column":4},"end":{"line":6,"column":32}},"2":{"start":{"line":7,"column":4},"end":{"line":7,"column":36}},"3":{"start":{"line":8,"column":4},"end":{"line":8,"column":51}},"4":{"start":{"line":11,"column":16},"end":{"line":14,"column":3}},"5":{"start":{"line":12,"column":4},"end":{"line":12,"column":29}},"6":{"start":{"line":13,"column":4},"end":{"line":13,"column":41}}},"fnMap":{"0":{"name":"(anonymous_0)","decl":{"start":{"line":4,"column":2},"end":{"line":4,"column":3}},"loc":{"start":{"line":4,"column":54},"end":{"line":9,"column":3}},"line":4},"1":{"name":"(anonymous_1)","decl":{"start":{"line":11,"column":16},"end":{"line":11,"column":17}},"loc":{"start":{"line":11,"column":23},"end":{"line":14,"column":3}},"line":11}},"branchMap":{},"s":{"0":55,"1":55,"2":55,"3":55,"4":55,"5":2,"6":2},"f":{"0":55,"1":2},"b":{},"_coverageSchema":"1a1c01bbd47fc00a2c39e90264f33305004495a9","hash":"15db898f17af28505be3f41d907df28071378df4"}
,"/Users/ceciliabernard/Desktop/Exercices Formations/Formation Openclassrooms/Projet 9/bill-app/Billed-app-FR-Front/src/containers/NewBill.js": {"path":"/Users/ceciliabernard/Desktop/Exercices Formations/Formation Openclassrooms/Projet 9/bill-app/Billed-app-FR-Front/src/containers/NewBill.js","statementMap":{"0":{"start":{"line":6,"column":4},"end":{"line":6,"column":28}},"1":{"start":{"line":7,"column":4},"end":{"line":7,"column":32}},"2":{"start":{"line":8,"column":4},"end":{"line":8,"column":22}},"3":{"start":{"line":9,"column":24},"end":{"line":11,"column":5}},"4":{"start":{"line":12,"column":4},"end":{"line":12,"column":61}},"5":{"start":{"line":13,"column":17},"end":{"line":13,"column":73}},"6":{"start":{"line":14,"column":4},"end":{"line":14,"column":58}},"7":{"start":{"line":15,"column":4},"end":{"line":15,"column":23}},"8":{"start":{"line":16,"column":4},"end":{"line":16,"column":24}},"9":{"start":{"line":17,"column":4},"end":{"line":17,"column":22}},"10":{"start":{"line":19,"column":4},"end":{"line":19,"column":26}},"11":{"start":{"line":20,"column":4},"end":{"line":20,"column":54}},"12":{"start":{"line":22,"column":21},"end":{"line":69,"column":3}},"13":{"start":{"line":23,"column":4},"end":{"line":23,"column":22}},"14":{"start":{"line":24,"column":17},"end":{"line":24,"column":34}},"15":{"start":{"line":25,"column":21},"end":{"line":25,"column":43}},"16":{"start":{"line":26,"column":18},"end":{"line":26,"column":64}},"17":{"start":{"line":27,"column":26},"end":{"line":27,"column":51}},"18":{"start":{"line":29,"column":21},"end":{"line":29,"column":35}},"19":{"start":{"line":31,"column":4},"end":{"line":67,"column":5}},"20":{"start":{"line":32,"column":6},"end":{"line":32,"column":35}},"21":{"start":{"line":33,"column":6},"end":{"line":33,"column":37}},"22":{"start":{"line":35,"column":6},"end":{"line":35,"column":63}},"23":{"start":{"line":36,"column":6},"end":{"line":56,"column":10}},"24":{"start":{"line":46,"column":10},"end":{"line":46,"column":31}},"25":{"start":{"line":47,"column":10},"end":{"line":47,"column":27}},"26":{"start":{"line":48,"column":10},"end":{"line":48,"column":32}},"27":{"start":{"line":49,"column":10},"end":{"line":49,"column":34}},"28":{"start":{"line":53,"column":10},"end":{"line":53,"column":32}},"29":{"start":{"line":54,"column":10},"end":{"line":54,"column":30}},"30":{"start":{"line":55,"column":10},"end":{"line":55,"column":31}},"31":{"start":{"line":58,"column":6},"end":{"line":58,"column":25}},"32":{"start":{"line":60,"column":6},"end":{"line":60,"column":28}},"33":{"start":{"line":62,"column":6},"end":{"line":62,"column":62}},"34":{"start":{"line":64,"column":6},"end":{"line":66,"column":7}},"35":{"start":{"line":68,"column":4},"end":{"line":68,"column":25}},"36":{"start":{"line":70,"column":17},"end":{"line":97,"column":3}},"37":{"start":{"line":71,"column":4},"end":{"line":71,"column":22}},"38":{"start":{"line":72,"column":4},"end":{"line":75,"column":5}},"39":{"start":{"line":76,"column":18},"end":{"line":76,"column":64}},"40":{"start":{"line":77,"column":17},"end":{"line":94,"column":5}},"41":{"start":{"line":95,"column":4},"end":{"line":95,"column":25}},"42":{"start":{"line":96,"column":4},"end":{"line":96,"column":41}},"43":{"start":{"line":100,"column":15},"end":{"line":112,"column":3}},"44":{"start":{"line":101,"column":4},"end":{"line":111,"column":5}},"45":{"start":{"line":102,"column":6},"end":{"line":110,"column":10}},"46":{"start":{"line":106,"column":10},"end":{"line":106,"column":47}},"47":{"start":{"line":109,"column":10},"end":{"line":109,"column":30}}},"fnMap":{"0":{"name":"(anonymous_0)","decl":{"start":{"line":5,"column":2},"end":{"line":5,"column":3}},"loc":{"start":{"line":5,"column":61},"end":{"line":21,"column":3}},"line":5},"1":{"name":"(anonymous_1)","decl":{"start":{"line":22,"column":21},"end":{"line":22,"column":22}},"loc":{"start":{"line":22,"column":28},"end":{"line":69,"column":3}},"line":22},"2":{"name":"(anonymous_2)","decl":{"start":{"line":44,"column":14},"end":{"line":44,"column":15}},"loc":{"start":{"line":44,"column":36},"end":{"line":50,"column":9}},"line":44},"3":{"name":"(anonymous_3)","decl":{"start":{"line":51,"column":15},"end":{"line":51,"column":16}},"loc":{"start":{"line":51,"column":26},"end":{"line":56,"column":9}},"line":51},"4":{"name":"(anonymous_4)","decl":{"start":{"line":70,"column":17},"end":{"line":70,"column":18}},"loc":{"start":{"line":70,"column":24},"end":{"line":97,"column":3}},"line":70},"5":{"name":"(anonymous_5)","decl":{"start":{"line":100,"column":15},"end":{"line":100,"column":16}},"loc":{"start":{"line":100,"column":25},"end":{"line":112,"column":3}},"line":100},"6":{"name":"(anonymous_6)","decl":{"start":{"line":105,"column":14},"end":{"line":105,"column":15}},"loc":{"start":{"line":105,"column":20},"end":{"line":107,"column":9}},"line":105},"7":{"name":"(anonymous_7)","decl":{"start":{"line":108,"column":15},"end":{"line":108,"column":16}},"loc":{"start":{"line":108,"column":26},"end":{"line":110,"column":9}},"line":108}},"branchMap":{"0":{"loc":{"start":{"line":31,"column":4},"end":{"line":67,"column":5}},"type":"if","locations":[{"start":{"line":31,"column":4},"end":{"line":67,"column":5}},{"start":{"line":57,"column":11},"end":{"line":67,"column":5}}],"line":31},"1":{"loc":{"start":{"line":87,"column":8},"end":{"line":88,"column":10}},"type":"binary-expr","locations":[{"start":{"line":87,"column":8},"end":{"line":87,"column":74}},{"start":{"line":88,"column":8},"end":{"line":88,"column":10}}],"line":87},"2":{"loc":{"start":{"line":101,"column":4},"end":{"line":111,"column":5}},"type":"if","locations":[{"start":{"line":101,"column":4},"end":{"line":111,"column":5}},{"start":{},"end":{}}],"line":101}},"s":{"0":16,"1":16,"2":16,"3":16,"4":16,"5":16,"6":16,"7":16,"8":16,"9":16,"10":16,"11":16,"12":16,"13":14,"14":14,"15":14,"16":14,"17":14,"18":14,"19":14,"20":8,"21":8,"22":8,"23":8,"24":8,"25":8,"26":8,"27":8,"28":0,"29":0,"30":0,"31":6,"32":6,"33":6,"34":6,"35":14,"36":16,"37":3,"38":3,"39":3,"40":3,"41":3,"42":3,"43":16,"44":3,"45":3,"46":3,"47":0},"f":{"0":16,"1":14,"2":8,"3":0,"4":3,"5":3,"6":3,"7":0},"b":{"0":[8,6],"1":[3,3],"2":[3,0]},"_coverageSchema":"1a1c01bbd47fc00a2c39e90264f33305004495a9","hash":"4d24ad88402952e451698325261043bbc5773e21"}
,"/Users/ceciliabernard/Desktop/Exercices Formations/Formation Openclassrooms/Projet 9/bill-app/Billed-app-FR-Front/src/views/Actions.js": {"path":"/Users/ceciliabernard/Desktop/Exercices Formations/Formation Openclassrooms/Projet 9/bill-app/Billed-app-FR-Front/src/views/Actions.js","statementMap":{"0":{"start":{"line":5,"column":2},"end":{"line":11,"column":3}}},"fnMap":{"0":{"name":"(anonymous_0)","decl":{"start":{"line":4,"column":15},"end":{"line":4,"column":16}},"loc":{"start":{"line":4,"column":28},"end":{"line":12,"column":1}},"line":4}},"branchMap":{},"s":{"0":30},"f":{"0":30},"b":{},"_coverageSchema":"1a1c01bbd47fc00a2c39e90264f33305004495a9","hash":"c4f6b89ed6a7097c2c0a45b798aae726711b9842"}
,"/Users/ceciliabernard/Desktop/Exercices Formations/Formation Openclassrooms/Projet 9/bill-app/Billed-app-FR-Front/src/views/BillsUI.js": {"path":"/Users/ceciliabernard/Desktop/Exercices Formations/Formation Openclassrooms/Projet 9/bill-app/Billed-app-FR-Front/src/views/BillsUI.js","statementMap":{"0":{"start":{"line":7,"column":12},"end":{"line":20,"column":3}},"1":{"start":{"line":8,"column":2},"end":{"line":19,"column":6}},"2":{"start":{"line":22,"column":13},"end":{"line":24,"column":1}},"3":{"start":{"line":23,"column":2},"end":{"line":23,"column":74}},"4":{"start":{"line":23,"column":50},"end":{"line":23,"column":59}},"5":{"start":{"line":28,"column":16},"end":{"line":43,"column":4}},"6":{"start":{"line":28,"column":23},"end":{"line":43,"column":3}},"7":{"start":{"line":45,"column":2},"end":{"line":49,"column":3}},"8":{"start":{"line":46,"column":4},"end":{"line":46,"column":24}},"9":{"start":{"line":47,"column":9},"end":{"line":49,"column":3}},"10":{"start":{"line":48,"column":4},"end":{"line":48,"column":27}},"11":{"start":{"line":51,"column":2},"end":{"line":79,"column":3}}},"fnMap":{"0":{"name":"(anonymous_0)","decl":{"start":{"line":7,"column":12},"end":{"line":7,"column":13}},"loc":{"start":{"line":7,"column":22},"end":{"line":20,"column":3}},"line":7},"1":{"name":"(anonymous_1)","decl":{"start":{"line":22,"column":13},"end":{"line":22,"column":14}},"loc":{"start":{"line":22,"column":23},"end":{"line":24,"column":1}},"line":22},"2":{"name":"(anonymous_2)","decl":{"start":{"line":23,"column":42},"end":{"line":23,"column":43}},"loc":{"start":{"line":23,"column":50},"end":{"line":23,"column":59}},"line":23},"3":{"name":"(anonymous_3)","decl":{"start":{"line":26,"column":15},"end":{"line":26,"column":16}},"loc":{"start":{"line":26,"column":52},"end":{"line":80,"column":1}},"line":26},"4":{"name":"(anonymous_4)","decl":{"start":{"line":28,"column":16},"end":{"line":28,"column":17}},"loc":{"start":{"line":28,"column":23},"end":{"line":43,"column":3}},"line":28}},"branchMap":{"0":{"loc":{"start":{"line":23,"column":9},"end":{"line":23,"column":74}},"type":"cond-expr","locations":[{"start":{"line":23,"column":33},"end":{"line":23,"column":69}},{"start":{"line":23,"column":72},"end":{"line":23,"column":74}}],"line":23},"1":{"loc":{"start":{"line":23,"column":10},"end":{"line":23,"column":29}},"type":"binary-expr","locations":[{"start":{"line":23,"column":10},"end":{"line":23,"column":14}},{"start":{"line":23,"column":18},"end":{"line":23,"column":29}}],"line":23},"2":{"loc":{"start":{"line":45,"column":2},"end":{"line":49,"column":3}},"type":"if","locations":[{"start":{"line":45,"column":2},"end":{"line":49,"column":3}},{"start":{"line":47,"column":9},"end":{"line":49,"column":3}}],"line":45},"3":{"loc":{"start":{"line":47,"column":9},"end":{"line":49,"column":3}},"type":"if","locations":[{"start":{"line":47,"column":9},"end":{"line":49,"column":3}},{"start":{},"end":{}}],"line":47}},"s":{"0":6,"1":28,"2":6,"3":16,"4":28,"5":27,"6":16,"7":27,"8":7,"9":20,"10":4,"11":16},"f":{"0":28,"1":16,"2":28,"3":27,"4":16},"b":{"0":[7,9],"1":[16,8],"2":[7,20],"3":[4,16]},"_coverageSchema":"1a1c01bbd47fc00a2c39e90264f33305004495a9","hash":"f3e3ac3b5af4223dd7c4c658c061e1a07658a203"}
,"/Users/ceciliabernard/Desktop/Exercices Formations/Formation Openclassrooms/Projet 9/bill-app/Billed-app-FR-Front/src/views/DashboardFormUI.js": {"path":"/Users/ceciliabernard/Desktop/Exercices Formations/Formation Openclassrooms/Projet 9/bill-app/Billed-app-FR-Front/src/views/DashboardFormUI.js","statementMap":{"0":{"start":{"line":7,"column":21},"end":{"line":22,"column":4}},"1":{"start":{"line":7,"column":28},"end":{"line":22,"column":3}},"2":{"start":{"line":26,"column":2},"end":{"line":101,"column":4}}},"fnMap":{"0":{"name":"(anonymous_0)","decl":{"start":{"line":7,"column":21},"end":{"line":7,"column":22}},"loc":{"start":{"line":7,"column":28},"end":{"line":22,"column":3}},"line":7},"1":{"name":"(anonymous_1)","decl":{"start":{"line":24,"column":15},"end":{"line":24,"column":16}},"loc":{"start":{"line":24,"column":25},"end":{"line":102,"column":1}},"line":24}},"branchMap":{"0":{"loc":{"start":{"line":79,"column":9},"end":{"line":89,"column":9}},"type":"cond-expr","locations":[{"start":{"line":79,"column":38},"end":{"line":84,"column":8}},{"start":{"line":84,"column":13},"end":{"line":89,"column":8}}],"line":79},"1":{"loc":{"start":{"line":92,"column":8},"end":{"line":97,"column":13}},"type":"cond-expr","locations":[{"start":{"line":92,"column":37},"end":{"line":97,"column":7}},{"start":{"line":97,"column":11},"end":{"line":97,"column":13}}],"line":92}},"s":{"0":7,"1":9,"2":9},"f":{"0":9,"1":9},"b":{"0":[6,3],"1":[6,3]},"_coverageSchema":"1a1c01bbd47fc00a2c39e90264f33305004495a9","hash":"dad127f8f40f4b67bf02ae2429498b7db8ebf782"}
,"/Users/ceciliabernard/Desktop/Exercices Formations/Formation Openclassrooms/Projet 9/bill-app/Billed-app-FR-Front/src/views/DashboardUI.js": {"path":"/Users/ceciliabernard/Desktop/Exercices Formations/Formation Openclassrooms/Projet 9/bill-app/Billed-app-FR-Front/src/views/DashboardUI.js","statementMap":{"0":{"start":{"line":10,"column":2},"end":{"line":14,"column":3}},"1":{"start":{"line":11,"column":4},"end":{"line":11,"column":24}},"2":{"start":{"line":12,"column":9},"end":{"line":14,"column":3}},"3":{"start":{"line":13,"column":4},"end":{"line":13,"column":27}},"4":{"start":{"line":16,"column":2},"end":{"line":48,"column":3}}},"fnMap":{"0":{"name":"(anonymous_0)","decl":{"start":{"line":8,"column":15},"end":{"line":8,"column":16}},"loc":{"start":{"line":8,"column":45},"end":{"line":49,"column":1}},"line":8}},"branchMap":{"0":{"loc":{"start":{"line":10,"column":2},"end":{"line":14,"column":3}},"type":"if","locations":[{"start":{"line":10,"column":2},"end":{"line":14,"column":3}},{"start":{"line":12,"column":9},"end":{"line":14,"column":3}}],"line":10},"1":{"loc":{"start":{"line":12,"column":9},"end":{"line":14,"column":3}},"type":"if","locations":[{"start":{"line":12,"column":9},"end":{"line":14,"column":3}},{"start":{},"end":{}}],"line":12},"2":{"loc":{"start":{"line":22,"column":45},"end":{"line":22,"column":63}},"type":"binary-expr","locations":[{"start":{"line":22,"column":45},"end":{"line":22,"column":49}},{"start":{"line":22,"column":53},"end":{"line":22,"column":63}}],"line":22},"3":{"loc":{"start":{"line":29,"column":43},"end":{"line":29,"column":61}},"type":"binary-expr","locations":[{"start":{"line":29,"column":43},"end":{"line":29,"column":47}},{"start":{"line":29,"column":51},"end":{"line":29,"column":61}}],"line":29},"4":{"loc":{"start":{"line":36,"column":43},"end":{"line":36,"column":61}},"type":"binary-expr","locations":[{"start":{"line":36,"column":43},"end":{"line":36,"column":47}},{"start":{"line":36,"column":51},"end":{"line":36,"column":61}}],"line":36}},"s":{"0":21,"1":6,"2":15,"3":3,"4":12},"f":{"0":21},"b":{"0":[6,15],"1":[3,12],"2":[12,7],"3":[12,7],"4":[12,7]},"_coverageSchema":"1a1c01bbd47fc00a2c39e90264f33305004495a9","hash":"10a662d1aac33135cce077505e9cb83bdb87190c"}
,"/Users/ceciliabernard/Desktop/Exercices Formations/Formation Openclassrooms/Projet 9/bill-app/Billed-app-FR-Front/src/views/ErrorPage.js": {"path":"/Users/ceciliabernard/Desktop/Exercices Formations/Formation Openclassrooms/Projet 9/bill-app/Billed-app-FR-Front/src/views/ErrorPage.js","statementMap":{"0":{"start":{"line":4,"column":2},"end":{"line":15,"column":3}}},"fnMap":{"0":{"name":"(anonymous_0)","decl":{"start":{"line":3,"column":15},"end":{"line":3,"column":16}},"loc":{"start":{"line":3,"column":26},"end":{"line":16,"column":1}},"line":3}},"branchMap":{"0":{"loc":{"start":{"line":12,"column":12},"end":{"line":12,"column":30}},"type":"cond-expr","locations":[{"start":{"line":12,"column":20},"end":{"line":12,"column":25}},{"start":{"line":12,"column":28},"end":{"line":12,"column":30}}],"line":12}},"s":{"0":9},"f":{"0":9},"b":{"0":[8,1]},"_coverageSchema":"1a1c01bbd47fc00a2c39e90264f33305004495a9","hash":"4be6c98670a53cd1fc5d1e0b1ea279daa8a0cc4c"}
,"/Users/ceciliabernard/Desktop/Exercices Formations/Formation Openclassrooms/Projet 9/bill-app/Billed-app-FR-Front/src/views/LoadingPage.js": {"path":"/Users/ceciliabernard/Desktop/Exercices Formations/Formation Openclassrooms/Projet 9/bill-app/Billed-app-FR-Front/src/views/LoadingPage.js","statementMap":{"0":{"start":{"line":5,"column":2},"end":{"line":12,"column":3}}},"fnMap":{"0":{"name":"(anonymous_0)","decl":{"start":{"line":3,"column":15},"end":{"line":3,"column":16}},"loc":{"start":{"line":3,"column":21},"end":{"line":13,"column":1}},"line":3}},"branchMap":{},"s":{"0":14},"f":{"0":14},"b":{},"_coverageSchema":"1a1c01bbd47fc00a2c39e90264f33305004495a9","hash":"945597fe1cdc6499ad8bc054a62206411d39c83d"}
,"/Users/ceciliabernard/Desktop/Exercices Formations/Formation Openclassrooms/Projet 9/bill-app/Billed-app-FR-Front/src/views/LoginUI.js": {"path":"/Users/ceciliabernard/Desktop/Exercices Formations/Formation Openclassrooms/Projet 9/bill-app/Billed-app-FR-Front/src/views/LoginUI.js","statementMap":{"0":{"start":{"line":4,"column":2},"end":{"line":46,"column":4}}},"fnMap":{"0":{"name":"(anonymous_0)","decl":{"start":{"line":2,"column":15},"end":{"line":2,"column":16}},"loc":{"start":{"line":2,"column":21},"end":{"line":47,"column":1}},"line":2}},"branchMap":{},"s":{"0":25},"f":{"0":25},"b":{},"_coverageSchema":"1a1c01bbd47fc00a2c39e90264f33305004495a9","hash":"a649dea16ab93582bba9840d064ede0b5e9e7438"}
,"/Users/ceciliabernard/Desktop/Exercices Formations/Formation Openclassrooms/Projet 9/bill-app/Billed-app-FR-Front/src/views/NewBillUI.js": {"path":"/Users/ceciliabernard/Desktop/Exercices Formations/Formation Openclassrooms/Projet 9/bill-app/Billed-app-FR-Front/src/views/NewBillUI.js","statementMap":{"0":{"start":{"line":4,"column":2},"end":{"line":72,"column":3}}},"fnMap":{"0":{"name":"(anonymous_0)","decl":{"start":{"line":3,"column":15},"end":{"line":3,"column":16}},"loc":{"start":{"line":3,"column":21},"end":{"line":73,"column":1}},"line":3}},"branchMap":{},"s":{"0":15},"f":{"0":15},"b":{},"_coverageSchema":"1a1c01bbd47fc00a2c39e90264f33305004495a9","hash":"f50f16ae365c53ac2ba29a81c57cd2cc325ea22f"}
,"/Users/ceciliabernard/Desktop/Exercices Formations/Formation Openclassrooms/Projet 9/bill-app/Billed-app-FR-Front/src/views/VerticalLayout.js": {"path":"/Users/ceciliabernard/Desktop/Exercices Formations/Formation Openclassrooms/Projet 9/bill-app/Billed-app-FR-Front/src/views/VerticalLayout.js","statementMap":{"0":{"start":{"line":7,"column":4},"end":{"line":7,"column":51}},"1":{"start":{"line":8,"column":4},"end":{"line":10,"column":5}},"2":{"start":{"line":9,"column":6},"end":{"line":9,"column":29}},"3":{"start":{"line":11,"column":4},"end":{"line":39,"column":5}},"4":{"start":{"line":12,"column":6},"end":{"line":27,"column":7}},"5":{"start":{"line":29,"column":6},"end":{"line":38,"column":7}}},"fnMap":{"0":{"name":"(anonymous_0)","decl":{"start":{"line":5,"column":15},"end":{"line":5,"column":16}},"loc":{"start":{"line":5,"column":27},"end":{"line":40,"column":1}},"line":5}},"branchMap":{"0":{"loc":{"start":{"line":8,"column":4},"end":{"line":10,"column":5}},"type":"if","locations":[{"start":{"line":8,"column":4},"end":{"line":10,"column":5}},{"start":{},"end":{}}],"line":8},"1":{"loc":{"start":{"line":11,"column":4},"end":{"line":39,"column":5}},"type":"if","locations":[{"start":{"line":11,"column":4},"end":{"line":39,"column":5}},{"start":{"line":28,"column":11},"end":{"line":39,"column":5}}],"line":11},"2":{"loc":{"start":{"line":11,"column":8},"end":{"line":11,"column":40}},"type":"binary-expr","locations":[{"start":{"line":11,"column":8},"end":{"line":11,"column":12}},{"start":{"line":11,"column":16},"end":{"line":11,"column":40}}],"line":11}},"s":{"0":67,"1":67,"2":55,"3":67,"4":39,"5":28},"f":{"0":67},"b":{"0":[55,12],"1":[39,28],"2":[67,55]},"_coverageSchema":"1a1c01bbd47fc00a2c39e90264f33305004495a9","hash":"d15b235aa55f196f8fdd28c7a9e319b25e225ec8"}
}
