TN:
SF:src/constants/routes.js
FN:13,(anonymous_0)
FNF:1
FNH:1
FNDA:77,(anonymous_0)
DA:6,6
DA:13,6
DA:14,77
DA:16,11
DA:18,26
DA:20,17
DA:22,12
DA:24,11
LF:8
LH:8
BRDA:14,0,0,11
BRDA:14,0,1,26
BRDA:14,0,2,17
BRDA:14,0,3,12
BRDA:14,0,4,11
BRF:5
BRH:5
end_of_record
TN:
SF:src/constants/usersTest.js
FNF:0
FNH:0
LF:0
LH:0
BRF:0
BRH:0
end_of_record
TN:
SF:src/containers/Bills.js
FN:6,(anonymous_0)
FN:17,(anonymous_1)
FN:18,(anonymous_2)
FN:25,(anonymous_3)
FN:29,(anonymous_4)
FN:40,(anonymous_5)
FN:45,(anonymous_6)
FN:48,(anonymous_7)
FN:49,(anonymous_8)
FNF:9
FNH:9
FNDA:21,(anonymous_0)
FNDA:24,(anonymous_1)
FNDA:1,(anonymous_2)
FNDA:2,(anonymous_3)
FNDA:2,(anonymous_4)
FNDA:11,(anonymous_5)
FNDA:9,(anonymous_6)
FNDA:54,(anonymous_7)
FNDA:36,(anonymous_8)
DA:7,21
DA:8,21
DA:9,21
DA:10,21
DA:13,21
DA:14,12
DA:15,21
DA:16,21
DA:17,21
DA:18,24
DA:19,1
DA:22,24
DA:25,21
DA:26,2
DA:29,21
DA:30,2
DA:31,2
DA:32,2
DA:37,2
DA:40,21
DA:41,11
DA:42,11
DA:46,9
DA:48,54
DA:50,36
DA:51,36
DA:59,0
DA:60,0
DA:67,9
DA:68,9
LF:30
LH:28
BRDA:13,0,0,12
BRDA:13,0,1,9
BRDA:16,1,0,21
BRDA:16,1,1,0
BRDA:41,2,0,11
BRDA:41,2,1,0
BRF:6
BRH:4
end_of_record
TN:
SF:src/containers/Dashboard.js
FN:8,(anonymous_0)
FN:10,(anonymous_1)
FN:30,(anonymous_2)
FN:59,(anonymous_3)
FN:60,(anonymous_4)
FN:63,(anonymous_5)
FN:75,(anonymous_6)
FN:79,(anonymous_7)
FN:80,(anonymous_8)
FN:81,(anonymous_9)
FN:85,(anonymous_10)
FN:97,(anonymous_11)
FN:101,(anonymous_12)
FN:118,(anonymous_13)
FN:119,(anonymous_14)
FN:122,(anonymous_15)
FN:132,(anonymous_16)
FN:142,(anonymous_17)
FN:157,(anonymous_18)
FN:160,(anonymous_19)
FN:166,(anonymous_20)
FN:171,(anonymous_21)
FN:172,(anonymous_22)
FN:180,(anonymous_23)
FNF:24
FNH:19
FNDA:44,(anonymous_0)
FNDA:104,(anonymous_1)
FNDA:6,(anonymous_2)
FNDA:6,(anonymous_3)
FNDA:6,(anonymous_4)
FNDA:5,(anonymous_5)
FNDA:14,(anonymous_6)
FNDA:0,(anonymous_7)
FNDA:0,(anonymous_8)
FNDA:0,(anonymous_9)
FNDA:1,(anonymous_10)
FNDA:3,(anonymous_11)
FNDA:8,(anonymous_12)
FNDA:0,(anonymous_13)
FNDA:0,(anonymous_14)
FNDA:1,(anonymous_15)
FNDA:1,(anonymous_16)
FNDA:5,(anonymous_17)
FNDA:20,(anonymous_18)
FNDA:3,(anonymous_19)
FNDA:5,(anonymous_20)
FNDA:3,(anonymous_21)
FNDA:12,(anonymous_22)
FNDA:2,(anonymous_23)
DA:8,6
DA:9,44
DA:14,104
DA:15,104
DA:20,0
DA:25,104
DA:30,6
DA:31,6
DA:32,6
DA:35,6
DA:39,6
DA:59,6
DA:60,6
DA:63,6
DA:64,5
DA:66,3
DA:68,1
DA:70,1
DA:76,14
DA:77,14
DA:78,14
DA:79,14
DA:80,14
DA:81,14
DA:82,14
DA:85,14
DA:86,1
DA:87,1
DA:88,1
DA:93,1
DA:94,0
DA:98,3
DA:99,3
DA:100,3
DA:101,2
DA:102,8
DA:104,2
DA:105,2
DA:106,2
DA:107,2
DA:109,1
DA:111,1
DA:114,1
DA:115,1
DA:117,3
DA:118,3
DA:119,3
DA:122,14
DA:123,1
DA:128,1
DA:129,1
DA:132,14
DA:133,1
DA:138,1
DA:139,1
DA:143,5
DA:144,5
DA:145,5
DA:146,5
DA:147,5
DA:150,5
DA:152,0
DA:153,0
DA:154,0
DA:157,5
DA:158,20
DA:160,3
DA:163,5
DA:166,14
DA:167,5
DA:168,5
DA:172,12
DA:178,3
DA:181,2
LF:74
LH:69
BRDA:9,0,0,26
BRDA:9,0,1,18
BRDA:9,1,0,44
BRDA:9,1,1,26
BRDA:14,2,0,104
BRDA:14,2,1,0
BRDA:21,3,0,0
BRDA:21,3,1,0
BRDA:32,4,0,0
BRDA:32,4,1,6
BRDA:35,5,0,0
BRDA:35,5,1,6
BRDA:60,6,0,5
BRDA:60,6,1,1
BRDA:60,7,0,6
BRDA:60,7,1,6
BRDA:64,8,0,3
BRDA:64,8,1,1
BRDA:64,8,2,1
BRDA:93,9,0,0
BRDA:93,9,1,1
BRDA:98,10,0,2
BRDA:98,10,1,1
BRDA:98,11,0,3
BRDA:98,11,1,3
BRDA:99,12,0,2
BRDA:99,12,1,1
BRDA:99,13,0,3
BRDA:99,13,1,1
BRDA:100,14,0,2
BRDA:100,14,1,1
BRDA:143,15,0,5
BRDA:143,15,1,0
BRDA:143,16,0,5
BRDA:143,16,1,2
BRDA:144,17,0,5
BRDA:144,17,1,0
BRDA:144,18,0,5
BRDA:144,18,1,2
BRDA:145,19,0,5
BRDA:145,19,1,0
BRDA:167,20,0,5
BRDA:167,20,1,0
BRF:43
BRH:33
end_of_record
TN:
SF:src/containers/Login.js
FN:6,(anonymous_0)
FN:27,(anonymous_1)
FN:40,(anonymous_2)
FN:41,(anonymous_3)
FN:49,(anonymous_4)
FN:62,(anonymous_5)
FN:63,(anonymous_6)
FN:72,(anonymous_7)
FN:81,(anonymous_8)
FN:90,(anonymous_9)
FN:102,(anonymous_10)
FNF:11
FNH:5
FNDA:4,(anonymous_0)
FNDA:2,(anonymous_1)
FNDA:0,(anonymous_2)
FNDA:2,(anonymous_3)
FNDA:2,(anonymous_4)
FNDA:0,(anonymous_5)
FNDA:2,(anonymous_6)
FNDA:0,(anonymous_7)
FNDA:0,(anonymous_8)
FNDA:0,(anonymous_9)
FNDA:0,(anonymous_10)
DA:2,4
DA:13,4
DA:14,4
DA:15,4
DA:16,4
DA:17,4
DA:18,4
DA:21,4
DA:22,4
DA:25,4
DA:27,4
DA:28,2
DA:29,2
DA:38,2
DA:39,2
DA:40,0
DA:42,2
DA:43,2
DA:44,2
DA:45,2
DA:49,4
DA:50,2
DA:51,2
DA:60,2
DA:61,2
DA:62,0
DA:64,2
DA:65,2
DA:66,2
DA:67,2
DA:72,4
DA:73,0
DA:74,0
DA:82,0
DA:85,0
DA:90,4
DA:91,0
DA:92,0
DA:103,0
DA:104,0
DA:107,0
LF:41
LH:30
BRDA:73,0,0,0
BRDA:73,0,1,0
BRDA:91,1,0,0
BRDA:91,1,1,0
BRF:4
BRH:0
end_of_record
TN:
SF:src/containers/Logout.js
FN:4,(anonymous_0)
FN:11,(anonymous_1)
FNF:2
FNH:2
FNDA:61,(anonymous_0)
FNDA:2,(anonymous_1)
DA:5,61
DA:6,61
DA:7,61
DA:8,61
DA:11,61
DA:12,2
DA:13,2
LF:7
LH:7
BRF:0
BRH:0
end_of_record
TN:
SF:src/containers/NewBill.js
FN:5,(anonymous_0)
FN:22,(anonymous_1)
FN:44,(anonymous_2)
FN:51,(anonymous_3)
FN:70,(anonymous_4)
FN:100,(anonymous_5)
FN:105,(anonymous_6)
FN:108,(anonymous_7)
FNF:8
FNH:6
FNDA:22,(anonymous_0)
FNDA:14,(anonymous_1)
FNDA:9,(anonymous_2)
FNDA:0,(anonymous_3)
FNDA:8,(anonymous_4)
FNDA:8,(anonymous_5)
FNDA:6,(anonymous_6)
FNDA:0,(anonymous_7)
DA:6,22
DA:7,22
DA:8,22
DA:9,22
DA:12,22
DA:13,22
DA:14,22
DA:15,22
DA:16,22
DA:17,22
DA:19,22
DA:20,22
DA:22,22
DA:23,14
DA:24,14
DA:25,14
DA:26,14
DA:27,14
DA:29,14
DA:31,14
DA:32,9
DA:33,9
DA:35,9
DA:36,9
DA:46,9
DA:47,9
DA:48,9
DA:49,9
DA:53,0
DA:54,0
DA:55,0
DA:58,5
DA:60,5
DA:62,5
DA:64,5
DA:68,14
DA:70,22
DA:71,8
DA:72,8
DA:76,8
DA:77,8
DA:95,8
DA:96,8
DA:100,22
DA:101,8
DA:102,6
DA:106,6
DA:109,0
LF:48
LH:44
BRDA:31,0,0,9
BRDA:31,0,1,5
BRDA:87,1,0,8
BRDA:87,1,1,0
BRDA:101,2,0,6
BRDA:101,2,1,2
BRF:6
BRH:5
end_of_record
TN:
SF:src/views/Actions.js
FN:4,(anonymous_0)
FNF:1
FNH:1
FNDA:46,(anonymous_0)
DA:5,46
LF:1
LH:1
BRF:0
BRH:0
end_of_record
TN:
SF:src/views/BillsUI.js
FN:7,(anonymous_0)
FN:22,(anonymous_1)
FN:23,(anonymous_2)
FN:26,(anonymous_3)
FN:28,(anonymous_4)
FNF:5
FNH:5
FNDA:44,(anonymous_0)
FNDA:24,(anonymous_1)
FNDA:44,(anonymous_2)
FNDA:39,(anonymous_3)
FNDA:24,(anonymous_4)
DA:7,6
DA:8,44
DA:22,6
DA:23,44
DA:28,39
DA:45,39
DA:46,11
DA:47,28
DA:48,4
DA:51,24
LF:10
LH:10
BRDA:23,0,0,11
BRDA:23,0,1,13
BRDA:23,1,0,24
BRDA:23,1,1,12
BRDA:45,2,0,11
BRDA:45,2,1,28
BRDA:47,3,0,4
BRDA:47,3,1,24
BRF:8
BRH:8
end_of_record
TN:
SF:src/views/DashboardFormUI.js
FN:7,(anonymous_0)
FN:24,(anonymous_1)
FNF:2
FNH:2
FNDA:9,(anonymous_0)
FNDA:9,(anonymous_1)
DA:7,9
DA:26,9
LF:2
LH:2
BRDA:79,0,0,6
BRDA:79,0,1,3
BRDA:92,1,0,6
BRDA:92,1,1,3
BRF:4
BRH:4
end_of_record
TN:
SF:src/views/DashboardUI.js
FN:8,(anonymous_0)
FNF:1
FNH:1
FNDA:21,(anonymous_0)
DA:10,21
DA:11,6
DA:12,15
DA:13,3
DA:16,12
LF:5
LH:5
BRDA:10,0,0,6
BRDA:10,0,1,15
BRDA:12,1,0,3
BRDA:12,1,1,12
BRDA:22,2,0,12
BRDA:22,2,1,7
BRDA:29,3,0,12
BRDA:29,3,1,7
BRDA:36,4,0,12
BRDA:36,4,1,7
BRF:10
BRH:10
end_of_record
TN:
SF:src/views/ErrorPage.js
FN:3,(anonymous_0)
FNF:1
FNH:1
FNDA:9,(anonymous_0)
DA:4,9
LF:1
LH:1
BRDA:12,0,0,8
BRDA:12,0,1,1
BRF:2
BRH:2
end_of_record
TN:
SF:src/views/LoadingPage.js
FN:3,(anonymous_0)
FNF:1
FNH:1
FNDA:18,(anonymous_0)
DA:5,18
LF:1
LH:1
BRF:0
BRH:0
end_of_record
TN:
SF:src/views/LoginUI.js
FN:2,(anonymous_0)
FNF:1
FNH:1
FNDA:28,(anonymous_0)
DA:4,28
LF:1
LH:1
BRF:0
BRH:0
end_of_record
TN:
SF:src/views/NewBillUI.js
FN:3,(anonymous_0)
FNF:1
FNH:1
FNDA:21,(anonymous_0)
DA:4,21
LF:1
LH:1
BRF:0
BRH:0
end_of_record
TN:
SF:src/views/VerticalLayout.js
FN:5,(anonymous_0)
FNF:1
FNH:1
FNDA:85,(anonymous_0)
DA:7,85
DA:8,85
DA:9,73
DA:11,85
DA:12,57
DA:29,28
LF:6
LH:6
BRDA:8,0,0,73
BRDA:8,0,1,12
BRDA:11,1,0,57
BRDA:11,1,1,28
BRDA:11,2,0,85
BRDA:11,2,1,73
BRF:6
BRH:6
end_of_record
